[2025-05-21 20:00:55] local.DEBUG: 98

 ---- Start handleWebhook - for 1747837855084 at : Wednesday 21st of May 2025 08:00:55 PM  
[2025-05-21 20:00:55] local.DEBUG: 100

 ---- Request Data : POST /tara/vaaniSM/incoming_wpbf HTTP/1.1
Accept-Encoding: gzip,deflate
Connection:      Keep-Alive
Content-Length:  128
Content-Type:    text/plain; charset=UTF-8
Cookie:          vaaniSM_cookie=eyJpdiI6Ikd3cTEvaDExanV2NmlwWHFJQzBsdGc9PSIsInZhbHVlIjoiNW5NSjdGbWI1eGFWSCtjYkkweFpiWVljWEJlZXo3dm84QkFXR253NGRvdWFvSVZ6bE5oYk1UNmR2NWpvWHJKdnI5NWRNNi9abW5tWkNLOWEvOWJTbHdKeU55T3VDNkxZdUNmV3JybU1ZYkZxbWxiaGhNeHk2aElCOXRMSWpaMVUiLCJtYWMiOiIwNTc0ZjdhZGQ2ZTFjZDFhMGI1MmExZGRlNDczYWI0ODg4OGQ4YWVkMTY0YzNjMWE5Mzg4ZWUwOTcyYWZlY2U1IiwidGFnIjoiIn0%3D
Host:            waba-web.edas.tech
User-Agent:      Apache-HttpClient/4.5.3 (Java/1.8.0_202)
Cookie: vaaniSM_cookie=sGfzgF7gBQXDeiDTVHNaCAc7PhkdCI6PeeI1BCFO

{"waNumber":"917304609236","mobile":"919029634011","name":"T@\u20b9l","text":"Hiieve","type":"text","timestamp":"1747837853000"}  
[2025-05-21 20:00:55] local.DEBUG: 101

 ---- Start request data--- : Array
(
)
  
[2025-05-21 20:00:55] local.DEBUG: 105

 ---- Start request data : Array
(
    [waNumber] => 917304609236
    [mobile] => 919029634011
    [name] => T@₹l
    [text] => Hiieve
    [type] => text
    [timestamp] => 1747837853000
)
  
[2025-05-21 20:00:55] local.DEBUG: 161Step1 - Chat : 7  
[2025-05-21 20:00:55] local.DEBUG: 214text data --- : Hiieve  
[2025-05-21 20:00:55] local.DEBUG: 247 opID :   
[2025-05-21 20:00:55] local.DEBUG: 249Chat Details : Array
(
    [id] => 7
    [unique_id] => b34676fb07da4caebe38172f9d34111b
    [client_id] => 38
    [campaign_id] => 44
    [org_no] => 917304609236
    [cust_unique_id] => 919029634011
    [customer_name] => T@₹l
    [chat_log_path] => 
    [assigning_flag] => 2
    [req_assigning_at] => 2025-05-21 20:00:27
    [open_at] => 
    [assigned_to] => 98
    [assigned_at] => 2025-05-21 20:00:30
    [assigned_by] => 0
    [is_closed] => 1
    [closed_at] => 
    [closed_by] => 
    [dispo] => 
    [sub_dispo] => 
    [remark] => 
    [status] => 1
    [is_callback] => 1
    [callback_at] => 
    [lsto] => 
    [created_at] => 2025-05-21 20:00:06
    [created_by] => 0
    [updated_at] => 2025-05-21 20:00:30
    [updated_by] => 
    [vip_session] => 
)
  
[2025-05-21 20:00:55] local.DEBUG: 258Webhook received and processed  
[2025-05-21 20:00:55] local.DEBUG: 274ertertretret :   
[2025-05-21 20:00:55] local.DEBUG: 1046inside AddChatToFlowManager  
[2025-05-21 20:00:55] local.DEBUG: 276flowMData : stdClass Object
(
    [flow_level] => 2
    [flow_sub_level] => 2.6.2.5
    [language] => Hi
)
  
[2025-05-21 20:00:55] local.DEBUG: 332Flow Level : 2  
[2025-05-21 20:00:55] local.DEBUG: 333Flow Sub Level : 2.6.2.5  
[2025-05-21 20:00:55] local.DEBUG: 513Text hfgjhij : Hiieve  
[2025-05-21 20:00:55] local.DEBUG: 927deafault : 1  
[2025-05-21 20:00:55] local.DEBUG: 
--------------------Start sendWPMsg ---------
  
[2025-05-21 20:00:55] local.DEBUG: 269Input postData : Array
(
    [client_id] => 38
    [campaign_id] => 44
    [mobile] => 919029634011
    [agent_id] => 0
    [chatID] => 7
    [message_type] => text
    [event] => 
    [message] => Invalid request, please choose the right option...
    [reply_id] => 
    [mediaUrl] => 
)
  
[2025-05-21 20:00:55] local.DEBUG: 270isTemplate :   
[2025-05-21 20:00:55] local.DEBUG: 271logSource : wp_webhooks  
[2025-05-21 20:00:55] local.DEBUG: 272campData : Array
(
    [wp_number] => 917304609236
    [wp_crud] => {"hsm_userid": "2000200384", "hsm_password": "S293h4kw", "twoway_userid": "2000200386", "twoway_password": "X2MYBR4c"}
)
  
[2025-05-21 20:00:55] local.DEBUG: 325Campaign Data : Array
(
    [wp_number] => 917304609236
    [wp_crud] => {"hsm_userid": "2000200384", "hsm_password": "S293h4kw", "twoway_userid": "2000200386", "twoway_password": "X2MYBR4c"}
)
  
[2025-05-21 20:00:55] local.DEBUG: 384Error Msg : Array
(
    [msg] => Initiated msg
    [status] => failed
    [status_code] => 101
    [data] => Array
        (
        )

)
  
[2025-05-21 20:00:55] local.DEBUG: 385Complete Payload for non template : Array
(
    [format] => json
    [userid] => 2000200386
    [password] => X2MYBR4c
    [auth_scheme] => plain
    [v] => 1.1
    [send_to] => 919029634011
    [method] => SendMessage
    [msg] => Invalid request, please choose the right option...
    [msg_id] => 9ff06088971149b082e956ad1e5ab54e
    [msg_type] => text
    [data_encoding] => Unicode_text
)
  
[2025-05-21 20:00:55] local.DEBUG: 460res : Array
(
    [status] => success
    [status_code] => 
    [msg] => 
    [response] => {"response":{"phone":"919029634011","details":"","id":"5438554581595402354-9ff06088971149b082e956ad1e5ab54e","status":"success"}}
)
  
[2025-05-21 20:00:55] local.DEBUG: 463response : {"response":{"phone":"919029634011","details":"","id":"5438554581595402354-9ff06088971149b082e956ad1e5ab54e","status":"success"}}  
[2025-05-21 20:00:55] local.DEBUG: 470json_last_error : 0  
[2025-05-21 20:00:55] local.DEBUG: 471apiRes : Array
(
    [response] => Array
        (
            [phone] => 919029634011
            [details] => 
            [id] => 5438554581595402354-9ff06088971149b082e956ad1e5ab54e
            [status] => success
        )

)
  
[2025-05-21 20:00:55] local.DEBUG: 472URL :   
[2025-05-21 20:00:55] local.DEBUG: 473Payload : Array
(
    [format] => json
    [userid] => 2000200386
    [password] => X2MYBR4c
    [auth_scheme] => plain
    [v] => 1.1
    [send_to] => 919029634011
    [method] => SendMessage
    [msg] => Invalid request, please choose the right option...
    [msg_id] => 9ff06088971149b082e956ad1e5ab54e
    [msg_type] => text
    [data_encoding] => Unicode_text
)
  
[2025-05-21 20:00:55] local.DEBUG: 493Insert Chat_log ID : 145  
[2025-05-21 20:00:55] local.DEBUG: 520 Result Log : Array
(
    [msg] => success
    [status] => success
    [status_code] => 200
    [data] => {"response":{"phone":"919029634011","details":"","id":"5438554581595402354-9ff06088971149b082e956ad1e5ab54e","status":"success"}}
)
  
[2025-05-21 20:00:56] local.DEBUG: 533Last Inserted ID of APILOG Table : 570539  
[2025-05-21 20:00:56] local.DEBUG: 534\n-------------- End sendWPMsg ----------------------  
[2025-05-21 20:00:58] local.DEBUG: 1167

 ------------DIYButton ------------ 
  
[2025-05-21 20:00:58] local.DEBUG: 1168{"mm":"Main menu","end":"End session"}  
[2025-05-21 20:00:58] local.DEBUG: 
--------------------Start sendWPMsg ---------
  
[2025-05-21 20:00:58] local.DEBUG: 269Input postData : Array
(
    [client_id] => 38
    [campaign_id] => 44
    [mobile] => 919029634011
    [agent_id] => 0
    [chatID] => 7
    [message_type] => TEXT
    [event] => 
    [message] => What would you like to do next?
    [reply_id] => 
    [mediaUrl] => 
    [templateType] => REPLY_BUTTON
    [action] => {
    "buttons": [
        {
            "type": "reply",
            "reply": {
                "id": "mm-s0-0-0",
                "title": "Main menu"
            }
        },
        {
            "type": "reply",
            "reply": {
                "id": "end-s0-0-0",
                "title": "End session"
            }
        }
    ]
}
    [interactive_type] => dr_button
    [footer] => 
    [templateID] => 0
)
  
[2025-05-21 20:00:58] local.DEBUG: 270isTemplate : 1  
[2025-05-21 20:00:58] local.DEBUG: 271logSource : wp_webhooks  
[2025-05-21 20:00:58] local.DEBUG: 272campData : Array
(
    [wp_number] => 917304609236
    [wp_crud] => {"hsm_userid": "2000200384", "hsm_password": "S293h4kw", "twoway_userid": "2000200386", "twoway_password": "X2MYBR4c"}
)
  
[2025-05-21 20:00:58] local.DEBUG: 325Campaign Data : Array
(
    [wp_number] => 917304609236
    [wp_crud] => {"hsm_userid": "2000200384", "hsm_password": "S293h4kw", "twoway_userid": "2000200386", "twoway_password": "X2MYBR4c"}
)
  
[2025-05-21 20:00:58] local.DEBUG: 399twoway_userid : 2000200386  
[2025-05-21 20:00:58] local.DEBUG: 450Error Msg : Array
(
    [msg] => Initiated msg
    [status] => failed
    [status_code] => 101
    [data] => Array
        (
        )

)
  
[2025-05-21 20:00:58] local.DEBUG: 451Complete Payload for template : Array
(
    [userid] => 2000200386
    [password] => X2MYBR4c
    [auth_scheme] => plain
    [v] => 1.1
    [send_to] => 919029634011
    [method] => SendMessage
    [msg_type] => text
    [msg] => What would you like to do next?
    [action] => {
    "buttons": [
        {
            "type": "reply",
            "reply": {
                "id": "mm-s0-0-0",
                "title": "Main menu"
            }
        },
        {
            "type": "reply",
            "reply": {
                "id": "end-s0-0-0",
                "title": "End session"
            }
        }
    ]
}
    [interactive_type] => dr_button
    [footer] => 
    [msg_id] => f161d5ee99d34166bfbdce3f4100a650
)
  
[2025-05-21 20:00:58] local.DEBUG: 460res : Array
(
    [status] => success
    [status_code] => 
    [msg] => 
    [response] => success | 919029634011 | 5438554607922143405-f161d5ee99d34166bfbdce3f4100a650

)
  
[2025-05-21 20:00:58] local.DEBUG: 463response : success | 919029634011 | 5438554607922143405-f161d5ee99d34166bfbdce3f4100a650
  
[2025-05-21 20:00:58] local.DEBUG: 470json_last_error : 4  
[2025-05-21 20:00:58] local.DEBUG: 471apiRes : Array
(
    [0] => success 
    [1] =>  919029634011 
    [2] =>  5438554607922143405-f161d5ee99d34166bfbdce3f4100a650

)
  
[2025-05-21 20:00:58] local.DEBUG: 472URL :   
[2025-05-21 20:00:58] local.DEBUG: 473Payload : Array
(
    [userid] => 2000200386
    [password] => X2MYBR4c
    [auth_scheme] => plain
    [v] => 1.1
    [send_to] => 919029634011
    [method] => SendMessage
    [msg_type] => text
    [msg] => What would you like to do next?
    [action] => {
    "buttons": [
        {
            "type": "reply",
            "reply": {
                "id": "mm-s0-0-0",
                "title": "Main menu"
            }
        },
        {
            "type": "reply",
            "reply": {
                "id": "end-s0-0-0",
                "title": "End session"
            }
        }
    ]
}
    [interactive_type] => dr_button
    [footer] => 
    [msg_id] => f161d5ee99d34166bfbdce3f4100a650
)
  
[2025-05-21 20:00:59] local.DEBUG: 493Insert Chat_log ID : 146  
[2025-05-21 20:00:59] local.DEBUG: 520 Result Log : Array
(
    [msg] =>  5438554607922143405-f161d5ee99d34166bfbdce3f4100a650

    [status] => success 
    [status_code] =>  919029634011 
    [data] => success | 919029634011 | 5438554607922143405-f161d5ee99d34166bfbdce3f4100a650

)
  
[2025-05-21 20:00:59] local.DEBUG: 533Last Inserted ID of APILOG Table : 570540  
[2025-05-21 20:00:59] local.DEBUG: 534\n-------------- End sendWPMsg ----------------------  
[2025-05-21 20:00:59] local.DEBUG: 970Webhook received and processed  
[2025-05-21 20:00:59] local.DEBUG: 972-----End Webhook-----------\n  
[2025-05-21 20:03:54] local.DEBUG: 98

 ---- Start handleWebhook - for 1747838034902 at : Wednesday 21st of May 2025 08:03:54 PM  
[2025-05-21 20:03:54] local.DEBUG: 100

 ---- Request Data : POST /tara/vaaniSM/incoming_wpbf HTTP/1.1
Accept-Encoding: gzip,deflate
Connection:      Keep-Alive
Content-Length:  397
Content-Type:    text/plain; charset=UTF-8
Cookie:          vaaniSM_cookie=eyJpdiI6ImhxbXJvRHorSCtObUpSOVdyN2dlZXc9PSIsInZhbHVlIjoieWZKcjRwbjY3emRrODVCQVlxRDYvUnJUZTJIeGU5VnFPdThUcktPTFJLSk0ySG55TEdhdlU2MlJ2Rm1HY21CVmQwRDNSTU4yamk2MFdWZTlOdG1yMXFzNFpWYUNVMUtxQTE5UjE0bW1mQS9yWFUxcmVMeUIxa04vdzdjM3FEbDgiLCJtYWMiOiI5ZTI5ZTc1NjFiZTQ2ZjBiZDc5MjVjMzYxNGNhYTk3YjNhOWVjM2UzN2M5NGI5M2U5Y2NjZjEzYTIyNWQwNzJjIiwidGFnIjoiIn0%3D
Host:            waba-web.edas.tech
User-Agent:      Apache-HttpClient/4.5.3 (Java/1.8.0_202)
Cookie: vaaniSM_cookie=sGfzgF7gBQXDeiDTVHNaCAc7PhkdCI6PeeI1BCFO

{"waNumber":"917304609236","mobile":"919029634011","interactive":"{\"type\":\"button_reply\",\"button_reply\":{\"id\":\"end-s0-0-0\",\"title\":\"End session\"}}","context":"{\"from\":\"917304609236\",\"id\":\"155aa7b1-8073-444e-b599-2fac3ff01f41\"}","replyId":"5438554607922143405","name":"T@\u20b9l","messageId":"f161d5ee99d34166bfbdce3f4100a650","type":"interactive","timestamp":"1747838033000"}  
[2025-05-21 20:03:54] local.DEBUG: 101

 ---- Start request data--- : Array
(
)
  
[2025-05-21 20:03:54] local.DEBUG: 105

 ---- Start request data : Array
(
    [waNumber] => 917304609236
    [mobile] => 919029634011
    [interactive] => {"type":"button_reply","button_reply":{"id":"end-s0-0-0","title":"End session"}}
    [context] => {"from":"917304609236","id":"155aa7b1-8073-444e-b599-2fac3ff01f41"}
    [replyId] => 5438554607922143405
    [name] => T@₹l
    [messageId] => f161d5ee99d34166bfbdce3f4100a650
    [type] => interactive
    [timestamp] => 1747838033000
)
  
[2025-05-21 20:03:54] local.DEBUG: 161Step1 - Chat : 7  
[2025-05-21 20:03:54] local.DEBUG: 224interactive --- : end-s0-0-0  
[2025-05-21 20:03:54] local.DEBUG: 225opID --- : end  
[2025-05-21 20:03:55] local.DEBUG: 247 opID : end  
[2025-05-21 20:03:55] local.DEBUG: 249Chat Details : Array
(
    [id] => 7
    [unique_id] => b34676fb07da4caebe38172f9d34111b
    [client_id] => 38
    [campaign_id] => 44
    [org_no] => 917304609236
    [cust_unique_id] => 919029634011
    [customer_name] => T@₹l
    [chat_log_path] => 
    [assigning_flag] => 2
    [req_assigning_at] => 2025-05-21 20:00:27
    [open_at] => 
    [assigned_to] => 98
    [assigned_at] => 2025-05-21 20:00:30
    [assigned_by] => 0
    [is_closed] => 1
    [closed_at] => 
    [closed_by] => 
    [dispo] => 
    [sub_dispo] => 
    [remark] => 
    [status] => 1
    [is_callback] => 1
    [callback_at] => 
    [lsto] => 
    [created_at] => 2025-05-21 20:00:06
    [created_by] => 0
    [updated_at] => 2025-05-21 20:00:30
    [updated_by] => 
    [vip_session] => 
)
  
[2025-05-21 20:03:55] local.DEBUG: 253Iside chat details  
[2025-05-21 20:04:02] local.DEBUG: 98

 ---- Start handleWebhook - for 1747838042586 at : Wednesday 21st of May 2025 08:04:02 PM  
[2025-05-21 20:04:02] local.DEBUG: 100

 ---- Request Data : POST /tara/vaaniSM/incoming_wpbf HTTP/1.1
Accept-Encoding: gzip,deflate
Connection:      Keep-Alive
Content-Length:  126
Content-Type:    text/plain; charset=UTF-8
Cookie:          vaaniSM_cookie=eyJpdiI6ImhxbXJvRHorSCtObUpSOVdyN2dlZXc9PSIsInZhbHVlIjoieWZKcjRwbjY3emRrODVCQVlxRDYvUnJUZTJIeGU5VnFPdThUcktPTFJLSk0ySG55TEdhdlU2MlJ2Rm1HY21CVmQwRDNSTU4yamk2MFdWZTlOdG1yMXFzNFpWYUNVMUtxQTE5UjE0bW1mQS9yWFUxcmVMeUIxa04vdzdjM3FEbDgiLCJtYWMiOiI5ZTI5ZTc1NjFiZTQ2ZjBiZDc5MjVjMzYxNGNhYTk3YjNhOWVjM2UzN2M5NGI5M2U5Y2NjZjEzYTIyNWQwNzJjIiwidGFnIjoiIn0%3D
Host:            waba-web.edas.tech
User-Agent:      Apache-HttpClient/4.5.3 (Java/1.8.0_202)
Cookie: vaaniSM_cookie=sGfzgF7gBQXDeiDTVHNaCAc7PhkdCI6PeeI1BCFO

{"waNumber":"917304609236","mobile":"919029634011","name":"T@\u20b9l","text":"Hiii","type":"text","timestamp":"1747838041000"}  
[2025-05-21 20:04:02] local.DEBUG: 101

 ---- Start request data--- : Array
(
)
  
[2025-05-21 20:04:02] local.DEBUG: 105

 ---- Start request data : Array
(
    [waNumber] => 917304609236
    [mobile] => 919029634011
    [name] => T@₹l
    [text] => Hiii
    [type] => text
    [timestamp] => 1747838041000
)
  
[2025-05-21 20:04:02] local.DEBUG: 161Step1 - Chat : 7  
[2025-05-21 20:04:02] local.DEBUG: 214text data --- : Hiii  
[2025-05-21 20:04:02] local.DEBUG: 247 opID :   
[2025-05-21 20:04:02] local.DEBUG: 249Chat Details : Array
(
    [id] => 7
    [unique_id] => b34676fb07da4caebe38172f9d34111b
    [client_id] => 38
    [campaign_id] => 44
    [org_no] => 917304609236
    [cust_unique_id] => 919029634011
    [customer_name] => T@₹l
    [chat_log_path] => 
    [assigning_flag] => 2
    [req_assigning_at] => 2025-05-21 20:00:27
    [open_at] => 
    [assigned_to] => 98
    [assigned_at] => 2025-05-21 20:00:30
    [assigned_by] => 0
    [is_closed] => 1
    [closed_at] => 
    [closed_by] => 
    [dispo] => 
    [sub_dispo] => 
    [remark] => 
    [status] => 1
    [is_callback] => 1
    [callback_at] => 
    [lsto] => 
    [created_at] => 2025-05-21 20:00:06
    [created_by] => 0
    [updated_at] => 2025-05-21 20:00:30
    [updated_by] => 
    [vip_session] => 
)
  
[2025-05-21 20:04:02] local.DEBUG: 253Iside chat details  
[2025-05-21 20:04:54] local.DEBUG: 98

 ---- Start handleWebhook - for 1747838094383 at : Wednesday 21st of May 2025 08:04:54 PM  
[2025-05-21 20:04:54] local.DEBUG: 100

 ---- Request Data : POST /tara/vaaniSM/incoming_wpbf HTTP/1.1
Accept-Encoding: gzip,deflate
Connection:      Keep-Alive
Content-Length:  126
Content-Type:    text/plain; charset=UTF-8
Cookie:          vaaniSM_cookie=eyJpdiI6Ijkvd0lhdDJldDJOaXVjNGN4d1p2Qnc9PSIsInZhbHVlIjoiQzBGQWpwcWJvS1pxdEg2WUJsbnFib3hzOThPbkZDL0pPemdaQVBvZE9rQit4czJoMWZlQUJYYzRxL0JnUi85WkM5M282ZzMxdGhtWmxMMzd1cmo5MmlJL3pQbUd6TlRZUFY0V3h1M0FOS21wdmljcVRzSVhZT3BSVGtVMlc3c0giLCJtYWMiOiI4M2YwY2YwYzE5YzBmZjczZmRiMjE0YTMzMWQ3NGIwZDJlMmU5ODZmZTA5NGIyYjM2MDY4ZjgxZGM5ZGU5NjE5IiwidGFnIjoiIn0%3D
Host:            waba-web.edas.tech
User-Agent:      Apache-HttpClient/4.5.3 (Java/1.8.0_202)
Cookie: vaaniSM_cookie=qmA0FzY6CQG4huLwrLSw1PCIMVnIzliMsNWjZYyN

{"waNumber":"917304609236","mobile":"919029634011","name":"T@\u20b9l","text":"Hiii","type":"text","timestamp":"1747838093000"}  
[2025-05-21 20:04:54] local.DEBUG: 101

 ---- Start request data--- : Array
(
)
  
[2025-05-21 20:04:54] local.DEBUG: 105

 ---- Start request data : Array
(
    [waNumber] => 917304609236
    [mobile] => 919029634011
    [name] => T@₹l
    [text] => Hiii
    [type] => text
    [timestamp] => 1747838093000
)
  
[2025-05-21 20:04:54] local.DEBUG: 161Step1 - Chat :   
[2025-05-21 20:04:55] local.DEBUG: 167Step2 :   
[2025-05-21 20:04:55] local.DEBUG: 214text data --- : Hiii  
[2025-05-21 20:04:57] local.DEBUG: 247 opID :   
[2025-05-21 20:04:57] local.DEBUG: 249Chat Details : Array
(
    [id] => 8
    [unique_id] => fe6c9a9500284580ad673479ee733768
    [client_id] => 38
    [campaign_id] => 44
    [org_no] => 917304609236
    [cust_unique_id] => 919029634011
    [customer_name] => T@₹l
    [chat_log_path] => 
    [assigning_flag] => 1
    [req_assigning_at] => 
    [open_at] => 
    [assigned_to] => 
    [assigned_at] => 
    [assigned_by] => 
    [is_closed] => 1
    [closed_at] => 
    [closed_by] => 
    [dispo] => 
    [sub_dispo] => 
    [remark] => 
    [status] => 1
    [is_callback] => 1
    [callback_at] => 
    [lsto] => 
    [created_at] => 2025-05-21 20:04:54
    [created_by] => 0
    [updated_at] => 2025-05-21 20:04:54
    [updated_by] => 
    [vip_session] => 
)
  
[2025-05-21 20:04:57] local.DEBUG: 256Webhook received and processed  
[2025-05-21 20:04:57] local.DEBUG: 272ertertretret :   
[2025-05-21 20:04:57] local.DEBUG: 1044inside AddChatToFlowManager  
[2025-05-21 20:04:57] local.DEBUG: 274flowMData : stdClass Object
(
    [flow_level] => 2
    [flow_sub_level] => 2.6.2.5
    [language] => Hi
)
  
[2025-05-21 20:04:57] local.DEBUG: 330Flow Level : 2  
[2025-05-21 20:04:57] local.DEBUG: 331Flow Sub Level : 2.6.2.5  
[2025-05-21 20:04:57] local.DEBUG: 511Text hfgjhij : Hiii  
[2025-05-21 20:04:57] local.DEBUG: 925deafault : 1  
[2025-05-21 20:04:57] local.DEBUG: 
--------------------Start sendWPMsg ---------
  
[2025-05-21 20:04:57] local.DEBUG: 269Input postData : Array
(
    [client_id] => 38
    [campaign_id] => 44
    [mobile] => 919029634011
    [agent_id] => 0
    [chatID] => 8
    [message_type] => text
    [event] => 
    [message] => Invalid request, please choose the right option...
    [reply_id] => 
    [mediaUrl] => 
)
  
[2025-05-21 20:04:57] local.DEBUG: 270isTemplate :   
[2025-05-21 20:04:57] local.DEBUG: 271logSource : wp_webhooks  
[2025-05-21 20:04:57] local.DEBUG: 272campData : Array
(
    [wp_number] => 917304609236
    [wp_crud] => {"hsm_userid": "2000200384", "hsm_password": "S293h4kw", "twoway_userid": "2000200386", "twoway_password": "X2MYBR4c"}
)
  
[2025-05-21 20:04:57] local.DEBUG: 325Campaign Data : Array
(
    [wp_number] => 917304609236
    [wp_crud] => {"hsm_userid": "2000200384", "hsm_password": "S293h4kw", "twoway_userid": "2000200386", "twoway_password": "X2MYBR4c"}
)
  
[2025-05-21 20:04:57] local.DEBUG: 384Error Msg : Array
(
    [msg] => Initiated msg
    [status] => failed
    [status_code] => 101
    [data] => Array
        (
        )

)
  
[2025-05-21 20:04:57] local.DEBUG: 385Complete Payload for non template : Array
(
    [format] => json
    [userid] => 2000200386
    [password] => X2MYBR4c
    [auth_scheme] => plain
    [v] => 1.1
    [send_to] => 919029634011
    [method] => SendMessage
    [msg] => Invalid request, please choose the right option...
    [msg_id] => 5bcbf8252ab64f0c8650cfa5e864a866
    [msg_type] => text
    [data_encoding] => Unicode_text
)
  
[2025-05-21 20:04:57] local.DEBUG: 460res : Array
(
    [status] => success
    [status_code] => 
    [msg] => 
    [response] => {"response":{"phone":"919029634011","details":"","id":"5438556609899569299-5bcbf8252ab64f0c8650cfa5e864a866","status":"success"}}
)
  
[2025-05-21 20:04:57] local.DEBUG: 463response : {"response":{"phone":"919029634011","details":"","id":"5438556609899569299-5bcbf8252ab64f0c8650cfa5e864a866","status":"success"}}  
[2025-05-21 20:04:57] local.DEBUG: 470json_last_error : 0  
[2025-05-21 20:04:57] local.DEBUG: 471apiRes : Array
(
    [response] => Array
        (
            [phone] => 919029634011
            [details] => 
            [id] => 5438556609899569299-5bcbf8252ab64f0c8650cfa5e864a866
            [status] => success
        )

)
  
[2025-05-21 20:04:57] local.DEBUG: 472URL :   
[2025-05-21 20:04:57] local.DEBUG: 473Payload : Array
(
    [format] => json
    [userid] => 2000200386
    [password] => X2MYBR4c
    [auth_scheme] => plain
    [v] => 1.1
    [send_to] => 919029634011
    [method] => SendMessage
    [msg] => Invalid request, please choose the right option...
    [msg_id] => 5bcbf8252ab64f0c8650cfa5e864a866
    [msg_type] => text
    [data_encoding] => Unicode_text
)
  
[2025-05-21 20:04:57] local.DEBUG: 493Insert Chat_log ID : 152  
[2025-05-21 20:04:57] local.DEBUG: 520 Result Log : Array
(
    [msg] => success
    [status] => success
    [status_code] => 200
    [data] => {"response":{"phone":"919029634011","details":"","id":"5438556609899569299-5bcbf8252ab64f0c8650cfa5e864a866","status":"success"}}
)
  
[2025-05-21 20:04:58] local.DEBUG: 533Last Inserted ID of APILOG Table : 570543  
[2025-05-21 20:04:58] local.DEBUG: 534\n-------------- End sendWPMsg ----------------------  
[2025-05-21 20:05:00] local.DEBUG: 1165

 ------------DIYButton ------------ 
  
[2025-05-21 20:05:00] local.DEBUG: 1166{"mm":"Main menu","end":"End session"}  
[2025-05-21 20:05:00] local.DEBUG: 
--------------------Start sendWPMsg ---------
  
[2025-05-21 20:05:00] local.DEBUG: 269Input postData : Array
(
    [client_id] => 38
    [campaign_id] => 44
    [mobile] => 919029634011
    [agent_id] => 0
    [chatID] => 8
    [message_type] => TEXT
    [event] => 
    [message] => What would you like to do next?
    [reply_id] => 
    [mediaUrl] => 
    [templateType] => REPLY_BUTTON
    [action] => {
    "buttons": [
        {
            "type": "reply",
            "reply": {
                "id": "mm-s0-0-0",
                "title": "Main menu"
            }
        },
        {
            "type": "reply",
            "reply": {
                "id": "end-s0-0-0",
                "title": "End session"
            }
        }
    ]
}
    [interactive_type] => dr_button
    [footer] => 
    [templateID] => 0
)
  
[2025-05-21 20:05:00] local.DEBUG: 270isTemplate : 1  
[2025-05-21 20:05:00] local.DEBUG: 271logSource : wp_webhooks  
[2025-05-21 20:05:00] local.DEBUG: 272campData : Array
(
    [wp_number] => 917304609236
    [wp_crud] => {"hsm_userid": "2000200384", "hsm_password": "S293h4kw", "twoway_userid": "2000200386", "twoway_password": "X2MYBR4c"}
)
  
[2025-05-21 20:05:00] local.DEBUG: 325Campaign Data : Array
(
    [wp_number] => 917304609236
    [wp_crud] => {"hsm_userid": "2000200384", "hsm_password": "S293h4kw", "twoway_userid": "2000200386", "twoway_password": "X2MYBR4c"}
)
  
[2025-05-21 20:05:00] local.DEBUG: 399twoway_userid : 2000200386  
[2025-05-21 20:05:00] local.DEBUG: 450Error Msg : Array
(
    [msg] => Initiated msg
    [status] => failed
    [status_code] => 101
    [data] => Array
        (
        )

)
  
[2025-05-21 20:05:00] local.DEBUG: 451Complete Payload for template : Array
(
    [userid] => 2000200386
    [password] => X2MYBR4c
    [auth_scheme] => plain
    [v] => 1.1
    [send_to] => 919029634011
    [method] => SendMessage
    [msg_type] => text
    [msg] => What would you like to do next?
    [action] => {
    "buttons": [
        {
            "type": "reply",
            "reply": {
                "id": "mm-s0-0-0",
                "title": "Main menu"
            }
        },
        {
            "type": "reply",
            "reply": {
                "id": "end-s0-0-0",
                "title": "End session"
            }
        }
    ]
}
    [interactive_type] => dr_button
    [footer] => 
    [msg_id] => 1cb539974eba4f36897952cc2fca46f4
)
  
[2025-05-21 20:05:00] local.DEBUG: 460res : Array
(
    [status] => success
    [status_code] => 
    [msg] => 
    [response] => success | 919029634011 | 5438556635355607086-1cb539974eba4f36897952cc2fca46f4

)
  
[2025-05-21 20:05:00] local.DEBUG: 463response : success | 919029634011 | 5438556635355607086-1cb539974eba4f36897952cc2fca46f4
  
[2025-05-21 20:05:00] local.DEBUG: 470json_last_error : 4  
[2025-05-21 20:05:00] local.DEBUG: 471apiRes : Array
(
    [0] => success 
    [1] =>  919029634011 
    [2] =>  5438556635355607086-1cb539974eba4f36897952cc2fca46f4

)
  
[2025-05-21 20:05:00] local.DEBUG: 472URL :   
[2025-05-21 20:05:00] local.DEBUG: 473Payload : Array
(
    [userid] => 2000200386
    [password] => X2MYBR4c
    [auth_scheme] => plain
    [v] => 1.1
    [send_to] => 919029634011
    [method] => SendMessage
    [msg_type] => text
    [msg] => What would you like to do next?
    [action] => {
    "buttons": [
        {
            "type": "reply",
            "reply": {
                "id": "mm-s0-0-0",
                "title": "Main menu"
            }
        },
        {
            "type": "reply",
            "reply": {
                "id": "end-s0-0-0",
                "title": "End session"
            }
        }
    ]
}
    [interactive_type] => dr_button
    [footer] => 
    [msg_id] => 1cb539974eba4f36897952cc2fca46f4
)
  
[2025-05-21 20:05:00] local.DEBUG: 493Insert Chat_log ID : 153  
[2025-05-21 20:05:00] local.DEBUG: 520 Result Log : Array
(
    [msg] =>  5438556635355607086-1cb539974eba4f36897952cc2fca46f4

    [status] => success 
    [status_code] =>  919029634011 
    [data] => success | 919029634011 | 5438556635355607086-1cb539974eba4f36897952cc2fca46f4

)
  
[2025-05-21 20:05:01] local.DEBUG: 533Last Inserted ID of APILOG Table : 570544  
[2025-05-21 20:05:01] local.DEBUG: 534\n-------------- End sendWPMsg ----------------------  
[2025-05-21 20:05:01] local.DEBUG: 968Webhook received and processed  
[2025-05-21 20:05:01] local.DEBUG: 970-----End Webhook-----------\n  
[2025-05-21 20:05:05] local.DEBUG: 98

 ---- Start handleWebhook - for 1747838105444 at : Wednesday 21st of May 2025 08:05:05 PM  
[2025-05-21 20:05:05] local.DEBUG: 100

 ---- Request Data : POST /tara/vaaniSM/incoming_wpbf HTTP/1.1
Accept-Encoding: gzip,deflate
Connection:      Keep-Alive
Content-Length:  397
Content-Type:    text/plain; charset=UTF-8
Cookie:          vaaniSM_cookie=eyJpdiI6ImhxbXJvRHorSCtObUpSOVdyN2dlZXc9PSIsInZhbHVlIjoieWZKcjRwbjY3emRrODVCQVlxRDYvUnJUZTJIeGU5VnFPdThUcktPTFJLSk0ySG55TEdhdlU2MlJ2Rm1HY21CVmQwRDNSTU4yamk2MFdWZTlOdG1yMXFzNFpWYUNVMUtxQTE5UjE0bW1mQS9yWFUxcmVMeUIxa04vdzdjM3FEbDgiLCJtYWMiOiI5ZTI5ZTc1NjFiZTQ2ZjBiZDc5MjVjMzYxNGNhYTk3YjNhOWVjM2UzN2M5NGI5M2U5Y2NjZjEzYTIyNWQwNzJjIiwidGFnIjoiIn0%3D
Host:            waba-web.edas.tech
User-Agent:      Apache-HttpClient/4.5.3 (Java/1.8.0_202)
Cookie: vaaniSM_cookie=sGfzgF7gBQXDeiDTVHNaCAc7PhkdCI6PeeI1BCFO

{"waNumber":"917304609236","mobile":"919029634011","interactive":"{\"type\":\"button_reply\",\"button_reply\":{\"id\":\"end-s0-0-0\",\"title\":\"End session\"}}","context":"{\"from\":\"917304609236\",\"id\":\"319b025b-fb0f-4b43-bd8e-bd96b6579d49\"}","replyId":"5438556635355607086","name":"T@\u20b9l","messageId":"1cb539974eba4f36897952cc2fca46f4","type":"interactive","timestamp":"1747838104000"}  
[2025-05-21 20:05:05] local.DEBUG: 101

 ---- Start request data--- : Array
(
)
  
[2025-05-21 20:05:05] local.DEBUG: 105

 ---- Start request data : Array
(
    [waNumber] => 917304609236
    [mobile] => 919029634011
    [interactive] => {"type":"button_reply","button_reply":{"id":"end-s0-0-0","title":"End session"}}
    [context] => {"from":"917304609236","id":"319b025b-fb0f-4b43-bd8e-bd96b6579d49"}
    [replyId] => 5438556635355607086
    [name] => T@₹l
    [messageId] => 1cb539974eba4f36897952cc2fca46f4
    [type] => interactive
    [timestamp] => 1747838104000
)
  
[2025-05-21 20:05:05] local.DEBUG: 161Step1 - Chat : 8  
[2025-05-21 20:05:05] local.DEBUG: 224interactive --- : end-s0-0-0  
[2025-05-21 20:05:05] local.DEBUG: 225opID --- : end  
[2025-05-21 20:05:06] local.DEBUG: 247 opID : end  
[2025-05-21 20:05:06] local.DEBUG: 249Chat Details : Array
(
    [id] => 8
    [unique_id] => fe6c9a9500284580ad673479ee733768
    [client_id] => 38
    [campaign_id] => 44
    [org_no] => 917304609236
    [cust_unique_id] => 919029634011
    [customer_name] => T@₹l
    [chat_log_path] => 
    [assigning_flag] => 1
    [req_assigning_at] => 
    [open_at] => 
    [assigned_to] => 
    [assigned_at] => 
    [assigned_by] => 
    [is_closed] => 1
    [closed_at] => 
    [closed_by] => 
    [dispo] => 
    [sub_dispo] => 
    [remark] => 
    [status] => 1
    [is_callback] => 1
    [callback_at] => 
    [lsto] => 
    [created_at] => 2025-05-21 20:04:54
    [created_by] => 0
    [updated_at] => 2025-05-21 20:04:54
    [updated_by] => 
    [vip_session] => 
)
  
[2025-05-21 20:05:06] local.DEBUG: 256Webhook received and processed  
[2025-05-21 20:05:06] local.DEBUG: 272ertertretret :   
[2025-05-21 20:05:06] local.DEBUG: 1044inside AddChatToFlowManager  
[2025-05-21 20:05:06] local.DEBUG: 274flowMData : stdClass Object
(
    [flow_level] => 2
    [flow_sub_level] => 2.6.2.5
    [language] => Hi
)
  
[2025-05-21 20:05:06] local.DEBUG: 997
 updateFlowLevel{"flow_level":2,"flow_sub_level":0} 
  
[2025-05-21 20:05:06] local.DEBUG: 330Flow Level : 2  
[2025-05-21 20:05:06] local.DEBUG: 331Flow Sub Level : 0  
[2025-05-21 20:05:06] local.DEBUG: 511Text hfgjhij : 2.9  
[2025-05-21 20:05:06] local.DEBUG: 
--------------------Start sendWPMsg ---------
  
[2025-05-21 20:05:06] local.DEBUG: 269Input postData : Array
(
    [client_id] => 38
    [campaign_id] => 44
    [mobile] => 919029634011
    [agent_id] => 0
    [chatID] => 8
    [message_type] => text
    [event] => 
    [message] => Thank you, LiveChat session has been ended
    [reply_id] => 
    [mediaUrl] => 
)
  
[2025-05-21 20:05:06] local.DEBUG: 270isTemplate :   
[2025-05-21 20:05:06] local.DEBUG: 271logSource : wp_webhooks  
[2025-05-21 20:05:06] local.DEBUG: 272campData : Array
(
    [wp_number] => 917304609236
    [wp_crud] => {"hsm_userid": "2000200384", "hsm_password": "S293h4kw", "twoway_userid": "2000200386", "twoway_password": "X2MYBR4c"}
)
  
[2025-05-21 20:05:06] local.DEBUG: 325Campaign Data : Array
(
    [wp_number] => 917304609236
    [wp_crud] => {"hsm_userid": "2000200384", "hsm_password": "S293h4kw", "twoway_userid": "2000200386", "twoway_password": "X2MYBR4c"}
)
  
[2025-05-21 20:05:06] local.DEBUG: 384Error Msg : Array
(
    [msg] => Initiated msg
    [status] => failed
    [status_code] => 101
    [data] => Array
        (
        )

)
  
[2025-05-21 20:05:06] local.DEBUG: 385Complete Payload for non template : Array
(
    [format] => json
    [userid] => 2000200386
    [password] => X2MYBR4c
    [auth_scheme] => plain
    [v] => 1.1
    [send_to] => 919029634011
    [method] => SendMessage
    [msg] => Thank you, LiveChat session has been ended
    [msg_id] => e60423b207c247aaa9f3416991951d45
    [msg_type] => text
    [data_encoding] => Unicode_text
)
  
[2025-05-21 20:05:07] local.DEBUG: 460res : Array
(
    [status] => success
    [status_code] => 
    [msg] => 
    [response] => {"response":{"phone":"919029634011","details":"","id":"5438556690497556699-e60423b207c247aaa9f3416991951d45","status":"success"}}
)
  
[2025-05-21 20:05:07] local.DEBUG: 463response : {"response":{"phone":"919029634011","details":"","id":"5438556690497556699-e60423b207c247aaa9f3416991951d45","status":"success"}}  
[2025-05-21 20:05:07] local.DEBUG: 470json_last_error : 0  
[2025-05-21 20:05:07] local.DEBUG: 471apiRes : Array
(
    [response] => Array
        (
            [phone] => 919029634011
            [details] => 
            [id] => 5438556690497556699-e60423b207c247aaa9f3416991951d45
            [status] => success
        )

)
  
[2025-05-21 20:05:07] local.DEBUG: 472URL :   
[2025-05-21 20:05:07] local.DEBUG: 473Payload : Array
(
    [format] => json
    [userid] => 2000200386
    [password] => X2MYBR4c
    [auth_scheme] => plain
    [v] => 1.1
    [send_to] => 919029634011
    [method] => SendMessage
    [msg] => Thank you, LiveChat session has been ended
    [msg_id] => e60423b207c247aaa9f3416991951d45
    [msg_type] => text
    [data_encoding] => Unicode_text
)
  
[2025-05-21 20:05:07] local.DEBUG: 493Insert Chat_log ID : 155  
[2025-05-21 20:05:07] local.DEBUG: 520 Result Log : Array
(
    [msg] => success
    [status] => success
    [status_code] => 200
    [data] => {"response":{"phone":"919029634011","details":"","id":"5438556690497556699-e60423b207c247aaa9f3416991951d45","status":"success"}}
)
  
[2025-05-21 20:05:07] local.DEBUG: 533Last Inserted ID of APILOG Table : 570545  
[2025-05-21 20:05:07] local.DEBUG: 534\n-------------- End sendWPMsg ----------------------  
[2025-05-21 20:05:07] local.DEBUG: 997
 updateFlowLevel{"flow_level":1,"flow_sub_level":0} 
  
[2025-05-21 20:05:08] local.DEBUG: 968Webhook received and processed  
[2025-05-21 20:05:08] local.DEBUG: 970-----End Webhook-----------\n  
[2025-05-21 20:05:13] local.DEBUG: 98

 ---- Start handleWebhook - for 1747838113332 at : Wednesday 21st of May 2025 08:05:13 PM  
[2025-05-21 20:05:13] local.DEBUG: 100

 ---- Request Data : POST /tara/vaaniSM/incoming_wpbf HTTP/1.1
Accept-Encoding: gzip,deflate
Connection:      Keep-Alive
Content-Length:  126
Content-Type:    text/plain; charset=UTF-8
Cookie:          vaaniSM_cookie=eyJpdiI6IkxESy80c3RBQjdpdmk4MnMvNHYyTHc9PSIsInZhbHVlIjoiQXMvSXdLWWFHWU1ndFp6elVyVEdkSVl4NzlGd3ErTFdBaTkyVlB0d2NTS2gwaXVDYmhna2kxbU1oUXFLekFURmlFRWdjMnZ2N0JmN2JMWVRtQ0ZSNGFHV25FaEh2R1RVUFFRbTBMdE1aREJ0NXZHVHRaZEJUUFlDZzA2WnI2SFMiLCJtYWMiOiIwNDdkNjcwNmQzOTMwZjI0NWViMTcyM2EwMjYwZTYzZDBhYWI5YjAxZDczYWUwYTBhNjFhY2ZmYTgxYjAyMzE3IiwidGFnIjoiIn0%3D
Host:            waba-web.edas.tech
User-Agent:      Apache-HttpClient/4.5.3 (Java/1.8.0_202)
Cookie: vaaniSM_cookie=HRsW3Em8e0rNGu3LVxazn3IOJvfTYwM173Mk0kS7

{"waNumber":"917304609236","mobile":"919029634011","name":"T@\u20b9l","text":"Hiii","type":"text","timestamp":"1747838112000"}  
[2025-05-21 20:05:13] local.DEBUG: 101

 ---- Start request data--- : Array
(
)
  
[2025-05-21 20:05:13] local.DEBUG: 105

 ---- Start request data : Array
(
    [waNumber] => 917304609236
    [mobile] => 919029634011
    [name] => T@₹l
    [text] => Hiii
    [type] => text
    [timestamp] => 1747838112000
)
  
[2025-05-21 20:05:13] local.DEBUG: 161Step1 - Chat :   
[2025-05-21 20:05:13] local.DEBUG: 167Step2 :   
[2025-05-21 20:05:13] local.DEBUG: 214text data --- : Hiii  
[2025-05-21 20:05:14] local.DEBUG: 247 opID :   
[2025-05-21 20:05:14] local.DEBUG: 249Chat Details : Array
(
    [id] => 9
    [unique_id] => 6bc7cb8a0623477fa80c28d3e4ab5494
    [client_id] => 38
    [campaign_id] => 44
    [org_no] => 917304609236
    [cust_unique_id] => 919029634011
    [customer_name] => T@₹l
    [chat_log_path] => 
    [assigning_flag] => 1
    [req_assigning_at] => 
    [open_at] => 
    [assigned_to] => 
    [assigned_at] => 
    [assigned_by] => 
    [is_closed] => 1
    [closed_at] => 
    [closed_by] => 
    [dispo] => 
    [sub_dispo] => 
    [remark] => 
    [status] => 1
    [is_callback] => 1
    [callback_at] => 
    [lsto] => 
    [created_at] => 2025-05-21 20:05:13
    [created_by] => 0
    [updated_at] => 2025-05-21 20:05:13
    [updated_by] => 
    [vip_session] => 
)
  
[2025-05-21 20:05:14] local.DEBUG: 256Webhook received and processed  
[2025-05-21 20:05:14] local.DEBUG: 272ertertretret :   
[2025-05-21 20:05:14] local.DEBUG: 1044inside AddChatToFlowManager  
[2025-05-21 20:05:14] local.DEBUG: 274flowMData : stdClass Object
(
    [flow_level] => 1
    [flow_sub_level] => 0
    [language] => Hi
)
  
[2025-05-21 20:05:14] local.DEBUG: 330Flow Level : 1  
[2025-05-21 20:05:14] local.DEBUG: 331Flow Sub Level : 0  
[2025-05-21 20:05:14] local.DEBUG: 384Text Details : Hiii  
[2025-05-21 20:05:14] local.DEBUG: 385auth_url : https://api.anchor-group.in/auth  
[2025-05-21 20:05:14] local.DEBUG: 460reqData for case - 2.8.1 : Array
(
    [client_id] => 38
    [campaign_id] => 44
    [mobile] => 919029634011
    [agent_id] => 0
    [chatID] => 9
    [message_type] => text
    [event] => 
    [message] => *Please choose an option below*. 

    [reply_id] => 
    [mediaUrl] => 
    [templateType] => LIST
    [action] => {
    "button": "Main Menu",
    "sections": [
        {
            "rows": [
                {
                    "id": "2.1",
                    "title": "My Profile"
                },
                {
                    "id": "2.2",
                    "title": "Check Point Balance"
                },
                {
                    "id": "2.3",
                    "title": "Schemes"
                },
                {
                    "id": "2.4",
                    "title": "Redemption"
                },
                {
                    "id": "2.5",
                    "title": "Product Brochures"
                },
                {
                    "id": "2.7",
                    "title": "SKU Catalogue"
                },
                {
                    "id": "2.6",
                    "title": "Training & Support"
                },
                {
                    "id": "2.6.2",
                    "title": "Customer Support"
                },
                {
                    "id": "2.8",
                    "title": "FAQs"
                },
                {
                    "id": "2.9",
                    "title": "End"
                }
            ]
        }
    ]
}
    [templateID] => 0
    [interactive_type] => list
)
  
[2025-05-21 20:05:14] local.DEBUG: 
--------------------Start sendWPMsg ---------
  
[2025-05-21 20:05:14] local.DEBUG: 269Input postData : Array
(
    [client_id] => 38
    [campaign_id] => 44
    [mobile] => 919029634011
    [agent_id] => 0
    [chatID] => 9
    [message_type] => text
    [event] => 
    [message] => *Please choose an option below*. 

    [reply_id] => 
    [mediaUrl] => 
    [templateType] => LIST
    [action] => {
    "button": "Main Menu",
    "sections": [
        {
            "rows": [
                {
                    "id": "2.1",
                    "title": "My Profile"
                },
                {
                    "id": "2.2",
                    "title": "Check Point Balance"
                },
                {
                    "id": "2.3",
                    "title": "Schemes"
                },
                {
                    "id": "2.4",
                    "title": "Redemption"
                },
                {
                    "id": "2.5",
                    "title": "Product Brochures"
                },
                {
                    "id": "2.7",
                    "title": "SKU Catalogue"
                },
                {
                    "id": "2.6",
                    "title": "Training & Support"
                },
                {
                    "id": "2.6.2",
                    "title": "Customer Support"
                },
                {
                    "id": "2.8",
                    "title": "FAQs"
                },
                {
                    "id": "2.9",
                    "title": "End"
                }
            ]
        }
    ]
}
    [templateID] => 0
    [interactive_type] => list
)
  
[2025-05-21 20:05:14] local.DEBUG: 270isTemplate : 1  
[2025-05-21 20:05:14] local.DEBUG: 271logSource : wp_webhooks  
[2025-05-21 20:05:14] local.DEBUG: 272campData : Array
(
    [wp_number] => 917304609236
    [wp_crud] => {"hsm_userid": "2000200384", "hsm_password": "S293h4kw", "twoway_userid": "2000200386", "twoway_password": "X2MYBR4c"}
)
  
[2025-05-21 20:05:14] local.DEBUG: 325Campaign Data : Array
(
    [wp_number] => 917304609236
    [wp_crud] => {"hsm_userid": "2000200384", "hsm_password": "S293h4kw", "twoway_userid": "2000200386", "twoway_password": "X2MYBR4c"}
)
  
[2025-05-21 20:05:14] local.DEBUG: 399twoway_userid : 2000200386  
[2025-05-21 20:05:14] local.DEBUG: 450Error Msg : Array
(
    [msg] => Initiated msg
    [status] => failed
    [status_code] => 101
    [data] => Array
        (
        )

)
  
[2025-05-21 20:05:14] local.DEBUG: 451Complete Payload for template : Array
(
    [userid] => 2000200386
    [password] => X2MYBR4c
    [auth_scheme] => plain
    [v] => 1.1
    [send_to] => 919029634011
    [method] => SendMessage
    [msg_type] => text
    [msg] => *Please choose an option below*. 

    [action] => {
    "button": "Main Menu",
    "sections": [
        {
            "rows": [
                {
                    "id": "2.1",
                    "title": "My Profile"
                },
                {
                    "id": "2.2",
                    "title": "Check Point Balance"
                },
                {
                    "id": "2.3",
                    "title": "Schemes"
                },
                {
                    "id": "2.4",
                    "title": "Redemption"
                },
                {
                    "id": "2.5",
                    "title": "Product Brochures"
                },
                {
                    "id": "2.7",
                    "title": "SKU Catalogue"
                },
                {
                    "id": "2.6",
                    "title": "Training & Support"
                },
                {
                    "id": "2.6.2",
                    "title": "Customer Support"
                },
                {
                    "id": "2.8",
                    "title": "FAQs"
                },
                {
                    "id": "2.9",
                    "title": "End"
                }
            ]
        }
    ]
}
    [interactive_type] => list
    [footer] => 
    [msg_id] => 36d8cbd7d37d46469b36de6f68aa78d4
)
  
[2025-05-21 20:05:14] local.DEBUG: 460res : Array
(
    [status] => success
    [status_code] => 
    [msg] => 
    [response] => success | 919029634011 | 5438556753690230841-36d8cbd7d37d46469b36de6f68aa78d4

)
  
[2025-05-21 20:05:14] local.DEBUG: 463response : success | 919029634011 | 5438556753690230841-36d8cbd7d37d46469b36de6f68aa78d4
  
[2025-05-21 20:05:14] local.DEBUG: 470json_last_error : 4  
[2025-05-21 20:05:14] local.DEBUG: 471apiRes : Array
(
    [0] => success 
    [1] =>  919029634011 
    [2] =>  5438556753690230841-36d8cbd7d37d46469b36de6f68aa78d4

)
  
[2025-05-21 20:05:14] local.DEBUG: 472URL :   
[2025-05-21 20:05:14] local.DEBUG: 473Payload : Array
(
    [userid] => 2000200386
    [password] => X2MYBR4c
    [auth_scheme] => plain
    [v] => 1.1
    [send_to] => 919029634011
    [method] => SendMessage
    [msg_type] => text
    [msg] => *Please choose an option below*. 

    [action] => {
    "button": "Main Menu",
    "sections": [
        {
            "rows": [
                {
                    "id": "2.1",
                    "title": "My Profile"
                },
                {
                    "id": "2.2",
                    "title": "Check Point Balance"
                },
                {
                    "id": "2.3",
                    "title": "Schemes"
                },
                {
                    "id": "2.4",
                    "title": "Redemption"
                },
                {
                    "id": "2.5",
                    "title": "Product Brochures"
                },
                {
                    "id": "2.7",
                    "title": "SKU Catalogue"
                },
                {
                    "id": "2.6",
                    "title": "Training & Support"
                },
                {
                    "id": "2.6.2",
                    "title": "Customer Support"
                },
                {
                    "id": "2.8",
                    "title": "FAQs"
                },
                {
                    "id": "2.9",
                    "title": "End"
                }
            ]
        }
    ]
}
    [interactive_type] => list
    [footer] => 
    [msg_id] => 36d8cbd7d37d46469b36de6f68aa78d4
)
  
[2025-05-21 20:05:14] local.DEBUG: 493Insert Chat_log ID : 157  
[2025-05-21 20:05:14] local.DEBUG: 520 Result Log : Array
(
    [msg] =>  5438556753690230841-36d8cbd7d37d46469b36de6f68aa78d4

    [status] => success 
    [status_code] =>  919029634011 
    [data] => success | 919029634011 | 5438556753690230841-36d8cbd7d37d46469b36de6f68aa78d4

)
  
[2025-05-21 20:05:15] local.DEBUG: 533Last Inserted ID of APILOG Table : 570546  
[2025-05-21 20:05:15] local.DEBUG: 534\n-------------- End sendWPMsg ----------------------  
[2025-05-21 20:05:15] local.DEBUG: 997
 updateFlowLevel{"flow_level":2,"flow_sub_level":0,"language":"Hiii"} 
  
[2025-05-21 20:05:15] local.DEBUG: 968Webhook received and processed  
[2025-05-21 20:05:15] local.DEBUG: 970-----End Webhook-----------\n  
[2025-05-21 20:05:23] local.DEBUG: 98

 ---- Start handleWebhook - for 1747838123027 at : Wednesday 21st of May 2025 08:05:23 PM  
[2025-05-21 20:05:23] local.DEBUG: 100

 ---- Request Data : POST /tara/vaaniSM/incoming_wpbf HTTP/1.1
Accept-Encoding: gzip,deflate
Connection:      Keep-Alive
Content-Length:  393
Content-Type:    text/plain; charset=UTF-8
Cookie:          vaaniSM_cookie=eyJpdiI6IjFaazhDR0QwTVdMMEd2NFBQZ214R2c9PSIsInZhbHVlIjoiTHlJSHRzaDJhb2NrQmVUVXdQYVozWnU3VlVQaEw3Y1BsVmJWZ2JVbUZQSzNidTRzemJwaVcySFJyTE5BQi9lT2JHaVpnZ1VJczFVaHpIWU1Jd0RZeHRYVEQ5RS8wNUhUTG9PZVgwVmpJZktLYlNVNTYycE1mQzZvVlBwOW5NSWsiLCJtYWMiOiI0ZGM1NTFhZTA0NDY3ZmE5YzVkYzMxY2FiYmFhZmQ4ODRhNGIyNjMxYjRlMTI2NjFhZjVlMzkyYmMzYmZlOGZkIiwidGFnIjoiIn0%3D
Host:            waba-web.edas.tech
User-Agent:      Apache-HttpClient/4.5.3 (Java/1.8.0_202)
Cookie: vaaniSM_cookie=HRsW3Em8e0rNGu3LVxazn3IOJvfTYwM173Mk0kS7

{"waNumber":"917304609236","mobile":"919029634011","interactive":"{\"list_reply\":{\"id\":\"2.6.2\",\"title\":\"Customer Support\"},\"type\":\"list_reply\"}","context":"{\"from\":\"917304609236\",\"id\":\"862810db-4d49-412c-b382-28e457412b2a\"}","replyId":"5438556753690230841","name":"T@\u20b9l","messageId":"36d8cbd7d37d46469b36de6f68aa78d4","type":"interactive","timestamp":"1747838121000"}  
[2025-05-21 20:05:23] local.DEBUG: 101

 ---- Start request data--- : Array
(
)
  
[2025-05-21 20:05:23] local.DEBUG: 105

 ---- Start request data : Array
(
    [waNumber] => 917304609236
    [mobile] => 919029634011
    [interactive] => {"list_reply":{"id":"2.6.2","title":"Customer Support"},"type":"list_reply"}
    [context] => {"from":"917304609236","id":"862810db-4d49-412c-b382-28e457412b2a"}
    [replyId] => 5438556753690230841
    [name] => T@₹l
    [messageId] => 36d8cbd7d37d46469b36de6f68aa78d4
    [type] => interactive
    [timestamp] => 1747838121000
)
  
[2025-05-21 20:05:23] local.DEBUG: 161Step1 - Chat : 9  
[2025-05-21 20:05:23] local.DEBUG: 224interactive --- : 2.6.2  
[2025-05-21 20:05:23] local.DEBUG: 225opID --- : 2.6.2  
[2025-05-21 20:05:23] local.DEBUG: 247 opID : 2.6.2  
[2025-05-21 20:05:23] local.DEBUG: 249Chat Details : Array
(
    [id] => 9
    [unique_id] => 6bc7cb8a0623477fa80c28d3e4ab5494
    [client_id] => 38
    [campaign_id] => 44
    [org_no] => 917304609236
    [cust_unique_id] => 919029634011
    [customer_name] => T@₹l
    [chat_log_path] => 
    [assigning_flag] => 1
    [req_assigning_at] => 
    [open_at] => 
    [assigned_to] => 
    [assigned_at] => 
    [assigned_by] => 
    [is_closed] => 1
    [closed_at] => 
    [closed_by] => 
    [dispo] => 
    [sub_dispo] => 
    [remark] => 
    [status] => 1
    [is_callback] => 1
    [callback_at] => 
    [lsto] => 
    [created_at] => 2025-05-21 20:05:13
    [created_by] => 0
    [updated_at] => 2025-05-21 20:05:13
    [updated_by] => 
    [vip_session] => 
)
  
[2025-05-21 20:05:23] local.DEBUG: 256Webhook received and processed  
[2025-05-21 20:05:23] local.DEBUG: 272ertertretret :   
[2025-05-21 20:05:23] local.DEBUG: 1044inside AddChatToFlowManager  
[2025-05-21 20:05:23] local.DEBUG: 274flowMData : stdClass Object
(
    [flow_level] => 2
    [flow_sub_level] => 0
    [language] => Hiii
)
  
[2025-05-21 20:05:23] local.DEBUG: 997
 updateFlowLevel{"flow_level":2,"flow_sub_level":"2.6.2"} 
  
[2025-05-21 20:05:23] local.DEBUG: 330Flow Level : 2  
[2025-05-21 20:05:23] local.DEBUG: 331Flow Sub Level : 2.6.2  
[2025-05-21 20:05:23] local.DEBUG: 511Text hfgjhij : 2.6.2  
[2025-05-21 20:05:23] local.DEBUG: 718reqData for case - 2.6.2 : Array
(
    [client_id] => 38
    [campaign_id] => 44
    [mobile] => 919029634011
    [agent_id] => 0
    [chatID] => 9
    [message_type] => text
    [event] => 
    [message] => Choose from the following options.
    [reply_id] => 
    [mediaUrl] => 
    [templateType] => LIST
    [action] => {
    "button": "List Details",
    "sections": [
        {
            "rows": [
                {
                    "id": "2.6.2.1",
                    "title": "Customer care"
                },
                {
                    "id": "2.6.2.2",
                    "title": "Chat with agent"
                },
                {
                    "id": "2.6.2.3",
                    "title": "Callback request"
                },
                {
                    "id": "mm",
                    "title": "Main menu"
                },
                {
                    "id": "end",
                    "title": "End session"
                }
            ]
        }
    ]
}
    [templateID] => 0
    [interactive_type] => list
)
  
[2025-05-21 20:05:23] local.DEBUG: 
--------------------Start sendWPMsg ---------
  
[2025-05-21 20:05:23] local.DEBUG: 269Input postData : Array
(
    [client_id] => 38
    [campaign_id] => 44
    [mobile] => 919029634011
    [agent_id] => 0
    [chatID] => 9
    [message_type] => text
    [event] => 
    [message] => Choose from the following options.
    [reply_id] => 
    [mediaUrl] => 
    [templateType] => LIST
    [action] => {
    "button": "List Details",
    "sections": [
        {
            "rows": [
                {
                    "id": "2.6.2.1",
                    "title": "Customer care"
                },
                {
                    "id": "2.6.2.2",
                    "title": "Chat with agent"
                },
                {
                    "id": "2.6.2.3",
                    "title": "Callback request"
                },
                {
                    "id": "mm",
                    "title": "Main menu"
                },
                {
                    "id": "end",
                    "title": "End session"
                }
            ]
        }
    ]
}
    [templateID] => 0
    [interactive_type] => list
)
  
[2025-05-21 20:05:23] local.DEBUG: 270isTemplate : 1  
[2025-05-21 20:05:23] local.DEBUG: 271logSource : wp_webhooks  
[2025-05-21 20:05:23] local.DEBUG: 272campData : Array
(
    [wp_number] => 917304609236
    [wp_crud] => {"hsm_userid": "2000200384", "hsm_password": "S293h4kw", "twoway_userid": "2000200386", "twoway_password": "X2MYBR4c"}
)
  
[2025-05-21 20:05:23] local.DEBUG: 325Campaign Data : Array
(
    [wp_number] => 917304609236
    [wp_crud] => {"hsm_userid": "2000200384", "hsm_password": "S293h4kw", "twoway_userid": "2000200386", "twoway_password": "X2MYBR4c"}
)
  
[2025-05-21 20:05:23] local.DEBUG: 399twoway_userid : 2000200386  
[2025-05-21 20:05:23] local.DEBUG: 450Error Msg : Array
(
    [msg] => Initiated msg
    [status] => failed
    [status_code] => 101
    [data] => Array
        (
        )

)
  
[2025-05-21 20:05:23] local.DEBUG: 451Complete Payload for template : Array
(
    [userid] => 2000200386
    [password] => X2MYBR4c
    [auth_scheme] => plain
    [v] => 1.1
    [send_to] => 919029634011
    [method] => SendMessage
    [msg_type] => text
    [msg] => Choose from the following options.
    [action] => {
    "button": "List Details",
    "sections": [
        {
            "rows": [
                {
                    "id": "2.6.2.1",
                    "title": "Customer care"
                },
                {
                    "id": "2.6.2.2",
                    "title": "Chat with agent"
                },
                {
                    "id": "2.6.2.3",
                    "title": "Callback request"
                },
                {
                    "id": "mm",
                    "title": "Main menu"
                },
                {
                    "id": "end",
                    "title": "End session"
                }
            ]
        }
    ]
}
    [interactive_type] => list
    [footer] => 
    [msg_id] => 8324b2e781da4270bbf6dd7275df1c34
)
  
[2025-05-21 20:05:26] local.DEBUG: 460res : Array
(
    [status] => success
    [status_code] => 
    [msg] => 
    [response] => success | 919029634011 | 5438556847907102832-8324b2e781da4270bbf6dd7275df1c34

)
  
[2025-05-21 20:05:26] local.DEBUG: 463response : success | 919029634011 | 5438556847907102832-8324b2e781da4270bbf6dd7275df1c34
  
[2025-05-21 20:05:26] local.DEBUG: 470json_last_error : 4  
[2025-05-21 20:05:26] local.DEBUG: 471apiRes : Array
(
    [0] => success 
    [1] =>  919029634011 
    [2] =>  5438556847907102832-8324b2e781da4270bbf6dd7275df1c34

)
  
[2025-05-21 20:05:26] local.DEBUG: 472URL :   
[2025-05-21 20:05:26] local.DEBUG: 473Payload : Array
(
    [userid] => 2000200386
    [password] => X2MYBR4c
    [auth_scheme] => plain
    [v] => 1.1
    [send_to] => 919029634011
    [method] => SendMessage
    [msg_type] => text
    [msg] => Choose from the following options.
    [action] => {
    "button": "List Details",
    "sections": [
        {
            "rows": [
                {
                    "id": "2.6.2.1",
                    "title": "Customer care"
                },
                {
                    "id": "2.6.2.2",
                    "title": "Chat with agent"
                },
                {
                    "id": "2.6.2.3",
                    "title": "Callback request"
                },
                {
                    "id": "mm",
                    "title": "Main menu"
                },
                {
                    "id": "end",
                    "title": "End session"
                }
            ]
        }
    ]
}
    [interactive_type] => list
    [footer] => 
    [msg_id] => 8324b2e781da4270bbf6dd7275df1c34
)
  
[2025-05-21 20:05:26] local.DEBUG: 493Insert Chat_log ID : 159  
[2025-05-21 20:05:26] local.DEBUG: 520 Result Log : Array
(
    [msg] =>  5438556847907102832-8324b2e781da4270bbf6dd7275df1c34

    [status] => success 
    [status_code] =>  919029634011 
    [data] => success | 919029634011 | 5438556847907102832-8324b2e781da4270bbf6dd7275df1c34

)
  
[2025-05-21 20:05:27] local.DEBUG: 533Last Inserted ID of APILOG Table : 570547  
[2025-05-21 20:05:27] local.DEBUG: 534\n-------------- End sendWPMsg ----------------------  
[2025-05-21 20:05:27] local.DEBUG: 721msgRes for case - 2.6.2 : Array
(
    [msg] =>  5438556847907102832-8324b2e781da4270bbf6dd7275df1c34

    [status] => success 
    [status_code] =>  919029634011 
    [data] => success | 919029634011 | 5438556847907102832-8324b2e781da4270bbf6dd7275df1c34

)
  
[2025-05-21 20:05:27] local.DEBUG: 968Webhook received and processed  
[2025-05-21 20:05:27] local.DEBUG: 970-----End Webhook-----------\n  
[2025-05-21 20:05:41] local.DEBUG: 98

 ---- Start handleWebhook - for 1747838141147 at : Wednesday 21st of May 2025 08:05:41 PM  
[2025-05-21 20:05:41] local.DEBUG: 100

 ---- Request Data : POST /tara/vaaniSM/incoming_wpbf HTTP/1.1
Accept-Encoding: gzip,deflate
Connection:      Keep-Alive
Content-Length:  394
Content-Type:    text/plain; charset=UTF-8
Cookie:          vaaniSM_cookie=eyJpdiI6IjFHZVZiQllFd2tLTlc5MW5ITGRKYWc9PSIsInZhbHVlIjoiSzd6V3Z2Q0hndkhPYk5CeDh5R3dCKzFHZndyM1hkWUZ6UVYrZWV5WkxwbExtQS82VVdjQWpqN01wUnlUN1dscEUyWitEek1kTXFiWFN3SGtFWm1UeTRDQjhvMTBqMGFZcG5KRTNOcFhKUTJTQkpsanc0blI1bDRTUThOWDIzRWkiLCJtYWMiOiI3ZjhkMTQ4ZjRhNTUxMjcxNjM2MDI5YzUwNGQzNTVkZTg0YTM2ZDRiOTU1YzIyZDc0ZjZmYmZiOWM2MzI4OThiIiwidGFnIjoiIn0%3D
Host:            waba-web.edas.tech
User-Agent:      Apache-HttpClient/4.5.3 (Java/1.8.0_202)
Cookie: vaaniSM_cookie=pMHi8YOyRxUi7PcgiHigqiiFJmONpuCr8pSWWuLs

{"waNumber":"917304609236","mobile":"919029634011","interactive":"{\"list_reply\":{\"id\":\"2.6.2.2\",\"title\":\"Chat with agent\"},\"type\":\"list_reply\"}","context":"{\"from\":\"917304609236\",\"id\":\"7f0f4289-8c90-4b7c-b842-a46d3ddd1e0d\"}","replyId":"5438556847907102832","name":"T@\u20b9l","messageId":"8324b2e781da4270bbf6dd7275df1c34","type":"interactive","timestamp":"1747838139000"}  
[2025-05-21 20:05:41] local.DEBUG: 101

 ---- Start request data--- : Array
(
)
  
[2025-05-21 20:05:41] local.DEBUG: 105

 ---- Start request data : Array
(
    [waNumber] => 917304609236
    [mobile] => 919029634011
    [interactive] => {"list_reply":{"id":"2.6.2.2","title":"Chat with agent"},"type":"list_reply"}
    [context] => {"from":"917304609236","id":"7f0f4289-8c90-4b7c-b842-a46d3ddd1e0d"}
    [replyId] => 5438556847907102832
    [name] => T@₹l
    [messageId] => 8324b2e781da4270bbf6dd7275df1c34
    [type] => interactive
    [timestamp] => 1747838139000
)
  
[2025-05-21 20:05:41] local.DEBUG: 161Step1 - Chat : 9  
[2025-05-21 20:05:41] local.DEBUG: 224interactive --- : 2.6.2.2  
[2025-05-21 20:05:41] local.DEBUG: 225opID --- : 2.6.2.2  
[2025-05-21 20:05:41] local.DEBUG: 247 opID : 2.6.2.2  
[2025-05-21 20:05:41] local.DEBUG: 249Chat Details : Array
(
    [id] => 9
    [unique_id] => 6bc7cb8a0623477fa80c28d3e4ab5494
    [client_id] => 38
    [campaign_id] => 44
    [org_no] => 917304609236
    [cust_unique_id] => 919029634011
    [customer_name] => T@₹l
    [chat_log_path] => 
    [assigning_flag] => 1
    [req_assigning_at] => 
    [open_at] => 
    [assigned_to] => 
    [assigned_at] => 
    [assigned_by] => 
    [is_closed] => 1
    [closed_at] => 
    [closed_by] => 
    [dispo] => 
    [sub_dispo] => 
    [remark] => 
    [status] => 1
    [is_callback] => 1
    [callback_at] => 
    [lsto] => 
    [created_at] => 2025-05-21 20:05:13
    [created_by] => 0
    [updated_at] => 2025-05-21 20:05:13
    [updated_by] => 
    [vip_session] => 
)
  
[2025-05-21 20:05:41] local.DEBUG: 256Webhook received and processed  
[2025-05-21 20:05:41] local.DEBUG: 272ertertretret :   
[2025-05-21 20:05:41] local.DEBUG: 1044inside AddChatToFlowManager  
[2025-05-21 20:05:41] local.DEBUG: 274flowMData : stdClass Object
(
    [flow_level] => 2
    [flow_sub_level] => 2.6.2
    [language] => Hiii
)
  
[2025-05-21 20:05:41] local.DEBUG: 997
 updateFlowLevel{"flow_level":2,"flow_sub_level":"2.6.2.2"} 
  
[2025-05-21 20:05:41] local.DEBUG: 330Flow Level : 2  
[2025-05-21 20:05:41] local.DEBUG: 331Flow Sub Level : 2.6.2.2  
[2025-05-21 20:05:41] local.DEBUG: 511Text hfgjhij : 2.6.2.2  
[2025-05-21 20:05:41] local.DEBUG: 738assign to expert:   
[2025-05-21 20:05:41] local.DEBUG: 

--------------------isWorkingHours Start Here------------------------------------
  
[2025-05-21 20:05:41] local.DEBUG: campaign_data : stdClass Object
(
    [id] => 44
    [wp_number] => 917304609236
    [name] => HDFC
    [client_id] => 38
    [auto_reply_id] => 
    [allocation_type] => direct
    [call_window_from] => 900
    [call_window_to] => 2200
    [working_days] => MON,TUE,WED,THU,FRI,SAT
    [holiday_start] => 1970-01-01 00:00:00
    [holiday_end] => 1970-01-01 00:00:00
    [holiday_name] => 
    [wp_crud] => {"hsm_userid": "2000200384", "hsm_password": "S293h4kw", "twoway_userid": "2000200386", "twoway_password": "X2MYBR4c"}
)
  
[2025-05-21 20:05:41] local.DEBUG: 
 Step 4  
[2025-05-21 20:05:41] local.DEBUG: 551
-------- Start getOptIN Here ---------------
  
[2025-05-21 20:05:41] local.DEBUG: 580Optin Status : Array
(
    [status] => success
    [status_code] => 
    [msg] => 
    [response] => {"data":{"response_messages":[{"phone":"919029634011","details":"You are already opted In.","id":"5438556983013724217","status":"success"}]},"response":{"phone":"919029634011","details":"OPT_IN","id":"5438556983013724217","status":"success"}}
)
  
[2025-05-21 20:05:41] local.DEBUG: 611Optin Status captured in table :   
[2025-05-21 20:05:41] local.DEBUG: 613

--------------------End  getOptIN Here------------------------------------
  
[2025-05-21 20:05:42] local.DEBUG: 
--------------------Start sendWPMsg ---------
  
[2025-05-21 20:05:42] local.DEBUG: 269Input postData : Array
(
    [client_id] => 38
    [campaign_id] => 44
    [mobile] => 919029634011
    [agent_id] => 0
    [chatID] => 9
    [message_type] => text
    [event] => 
    [message] => Please wait while we connect to our next available executive
    [reply_id] => 
    [mediaUrl] => 
)
  
[2025-05-21 20:05:42] local.DEBUG: 270isTemplate :   
[2025-05-21 20:05:42] local.DEBUG: 271logSource : wp_webhooks  
[2025-05-21 20:05:42] local.DEBUG: 272campData : Array
(
    [wp_number] => 917304609236
    [wp_crud] => {"hsm_userid": "2000200384", "hsm_password": "S293h4kw", "twoway_userid": "2000200386", "twoway_password": "X2MYBR4c"}
)
  
[2025-05-21 20:05:42] local.DEBUG: 325Campaign Data : Array
(
    [wp_number] => 917304609236
    [wp_crud] => {"hsm_userid": "2000200384", "hsm_password": "S293h4kw", "twoway_userid": "2000200386", "twoway_password": "X2MYBR4c"}
)
  
[2025-05-21 20:05:42] local.DEBUG: 384Error Msg : Array
(
    [msg] => Initiated msg
    [status] => failed
    [status_code] => 101
    [data] => Array
        (
        )

)
  
[2025-05-21 20:05:42] local.DEBUG: 385Complete Payload for non template : Array
(
    [format] => json
    [userid] => 2000200386
    [password] => X2MYBR4c
    [auth_scheme] => plain
    [v] => 1.1
    [send_to] => 919029634011
    [method] => SendMessage
    [msg] => Please wait while we connect to our next available executive
    [msg_id] => b5bc7f24fe444f98939bec2ce8c0c0f2
    [msg_type] => text
    [data_encoding] => Unicode_text
)
  
[2025-05-21 20:05:42] local.DEBUG: 460res : Array
(
    [status] => success
    [status_code] => 
    [msg] => 
    [response] => {"response":{"phone":"919029634011","details":"","id":"5438556989480112301-b5bc7f24fe444f98939bec2ce8c0c0f2","status":"success"}}
)
  
[2025-05-21 20:05:42] local.DEBUG: 463response : {"response":{"phone":"919029634011","details":"","id":"5438556989480112301-b5bc7f24fe444f98939bec2ce8c0c0f2","status":"success"}}  
[2025-05-21 20:05:42] local.DEBUG: 470json_last_error : 0  
[2025-05-21 20:05:42] local.DEBUG: 471apiRes : Array
(
    [response] => Array
        (
            [phone] => 919029634011
            [details] => 
            [id] => 5438556989480112301-b5bc7f24fe444f98939bec2ce8c0c0f2
            [status] => success
        )

)
  
[2025-05-21 20:05:42] local.DEBUG: 472URL :   
[2025-05-21 20:05:42] local.DEBUG: 473Payload : Array
(
    [format] => json
    [userid] => 2000200386
    [password] => X2MYBR4c
    [auth_scheme] => plain
    [v] => 1.1
    [send_to] => 919029634011
    [method] => SendMessage
    [msg] => Please wait while we connect to our next available executive
    [msg_id] => b5bc7f24fe444f98939bec2ce8c0c0f2
    [msg_type] => text
    [data_encoding] => Unicode_text
)
  
[2025-05-21 20:05:42] local.DEBUG: 493Insert Chat_log ID : 161  
[2025-05-21 20:05:42] local.DEBUG: 520 Result Log : Array
(
    [msg] => success
    [status] => success
    [status_code] => 200
    [data] => {"response":{"phone":"919029634011","details":"","id":"5438556989480112301-b5bc7f24fe444f98939bec2ce8c0c0f2","status":"success"}}
)
  
[2025-05-21 20:05:43] local.DEBUG: 533Last Inserted ID of APILOG Table : 570548  
[2025-05-21 20:05:43] local.DEBUG: 534\n-------------- End sendWPMsg ----------------------  
[2025-05-21 20:05:43] local.DEBUG: 997
 updateFlowLevel{"flow_level":2,"flow_sub_level":"2.6.2.5"} 
  
[2025-05-21 20:05:43] local.DEBUG: 968Webhook received and processed  
[2025-05-21 20:05:43] local.DEBUG: 970-----End Webhook-----------\n  
[2025-05-21 20:05:59] local.DEBUG: 98

 ---- Start handleWebhook - for 1747838159121 at : Wednesday 21st of May 2025 08:05:59 PM  
[2025-05-21 20:05:59] local.DEBUG: 100

 ---- Request Data : POST /tara/vaaniSM/incoming_wpbf HTTP/1.1
Accept-Encoding: gzip,deflate
Connection:      Keep-Alive
Content-Length:  126
Content-Type:    text/plain; charset=UTF-8
Cookie:          vaaniSM_cookie=eyJpdiI6IkRySUd6eEpvdDMvaWMzSEJ0ZGxncmc9PSIsInZhbHVlIjoiWjBpZUx6aEJCTDdOdTR2aWRyZmxGdFhzNmVLenNlTCsrSzIrbjB1cFQ0OU9XYWU0YTJqZTYyNnBUYURrSDNKMkV0bXd3UHlFK1NZa3FCOUt3dWhVR20xODNtZ2pmRDNjSTVRNkh5cDBhb1ZJNXN4WEJUMUVMM05QSWY0NnJ1WEMiLCJtYWMiOiI4MTU4OTk4ODQ0ODAxYThkN2FjNzc4Yjc3M2Q4NDI1NGFmYTBiN2Q1MWMyMTU4MGEyYzI5MWYzM2M0ZWEyZTM3IiwidGFnIjoiIn0%3D
Host:            waba-web.edas.tech
User-Agent:      Apache-HttpClient/4.5.3 (Java/1.8.0_202)
Cookie: vaaniSM_cookie=HRsW3Em8e0rNGu3LVxazn3IOJvfTYwM173Mk0kS7

{"waNumber":"917304609236","mobile":"919029634011","name":"T@\u20b9l","text":"Jooo","type":"text","timestamp":"1747838157000"}  
[2025-05-21 20:05:59] local.DEBUG: 101

 ---- Start request data--- : Array
(
)
  
[2025-05-21 20:05:59] local.DEBUG: 105

 ---- Start request data : Array
(
    [waNumber] => 917304609236
    [mobile] => 919029634011
    [name] => T@₹l
    [text] => Jooo
    [type] => text
    [timestamp] => 1747838157000
)
  
[2025-05-21 20:05:59] local.DEBUG: 161Step1 - Chat : 9  
[2025-05-21 20:05:59] local.DEBUG: 214text data --- : Jooo  
[2025-05-21 20:05:59] local.DEBUG: 247 opID :   
[2025-05-21 20:05:59] local.DEBUG: 249Chat Details : Array
(
    [id] => 9
    [unique_id] => 6bc7cb8a0623477fa80c28d3e4ab5494
    [client_id] => 38
    [campaign_id] => 44
    [org_no] => 917304609236
    [cust_unique_id] => 919029634011
    [customer_name] => T@₹l
    [chat_log_path] => 
    [assigning_flag] => 2
    [req_assigning_at] => 2025-05-21 20:05:41
    [open_at] => 2025-05-21 20:05:54
    [assigned_to] => 98
    [assigned_at] => 2025-05-21 20:05:45
    [assigned_by] => 0
    [is_closed] => 1
    [closed_at] => 
    [closed_by] => 
    [dispo] => 
    [sub_dispo] => 
    [remark] => 
    [status] => 1
    [is_callback] => 1
    [callback_at] => 
    [lsto] => 
    [created_at] => 2025-05-21 20:05:13
    [created_by] => 0
    [updated_at] => 2025-05-21 20:05:54
    [updated_by] => 
    [vip_session] => 
)
  
[2025-05-21 20:06:26] local.DEBUG: 98

 ---- Start handleWebhook - for 1747838186172 at : Wednesday 21st of May 2025 08:06:26 PM  
[2025-05-21 20:06:26] local.DEBUG: 100

 ---- Request Data : POST /tara/vaaniSM/incoming_wpbf HTTP/1.1
Accept-Encoding: gzip,deflate
Connection:      Keep-Alive
Content-Length:  129
Content-Type:    text/plain; charset=UTF-8
Cookie:          vaaniSM_cookie=eyJpdiI6IkRySUd6eEpvdDMvaWMzSEJ0ZGxncmc9PSIsInZhbHVlIjoiWjBpZUx6aEJCTDdOdTR2aWRyZmxGdFhzNmVLenNlTCsrSzIrbjB1cFQ0OU9XYWU0YTJqZTYyNnBUYURrSDNKMkV0bXd3UHlFK1NZa3FCOUt3dWhVR20xODNtZ2pmRDNjSTVRNkh5cDBhb1ZJNXN4WEJUMUVMM05QSWY0NnJ1WEMiLCJtYWMiOiI4MTU4OTk4ODQ0ODAxYThkN2FjNzc4Yjc3M2Q4NDI1NGFmYTBiN2Q1MWMyMTU4MGEyYzI5MWYzM2M0ZWEyZTM3IiwidGFnIjoiIn0%3D
Host:            waba-web.edas.tech
User-Agent:      Apache-HttpClient/4.5.3 (Java/1.8.0_202)
Cookie: vaaniSM_cookie=HRsW3Em8e0rNGu3LVxazn3IOJvfTYwM173Mk0kS7

{"waNumber":"917304609236","mobile":"919029634011","name":"T@\u20b9l","text":"Gdkshdg","type":"text","timestamp":"1747838184000"}  
[2025-05-21 20:06:26] local.DEBUG: 101

 ---- Start request data--- : Array
(
)
  
[2025-05-21 20:06:26] local.DEBUG: 105

 ---- Start request data : Array
(
    [waNumber] => 917304609236
    [mobile] => 919029634011
    [name] => T@₹l
    [text] => Gdkshdg
    [type] => text
    [timestamp] => 1747838184000
)
  
[2025-05-21 20:06:26] local.DEBUG: 161Step1 - Chat : 9  
[2025-05-21 20:06:26] local.DEBUG: 214text data --- : Gdkshdg  
[2025-05-21 20:06:26] local.DEBUG: 247 opID :   
[2025-05-21 20:06:26] local.DEBUG: 249Chat Details : Array
(
    [id] => 9
    [unique_id] => 6bc7cb8a0623477fa80c28d3e4ab5494
    [client_id] => 38
    [campaign_id] => 44
    [org_no] => 917304609236
    [cust_unique_id] => 919029634011
    [customer_name] => T@₹l
    [chat_log_path] => 
    [assigning_flag] => 2
    [req_assigning_at] => 2025-05-21 20:05:41
    [open_at] => 2025-05-21 20:06:20
    [assigned_to] => 98
    [assigned_at] => 2025-05-21 20:05:45
    [assigned_by] => 0
    [is_closed] => 1
    [closed_at] => 
    [closed_by] => 
    [dispo] => 
    [sub_dispo] => 
    [remark] => 
    [status] => 1
    [is_callback] => 1
    [callback_at] => 
    [lsto] => 
    [created_at] => 2025-05-21 20:05:13
    [created_by] => 0
    [updated_at] => 2025-05-21 20:06:20
    [updated_by] => 
    [vip_session] => 
)
  
[2025-05-21 20:06:41] local.DEBUG: 98

 ---- Start handleWebhook - for 1747838201121 at : Wednesday 21st of May 2025 08:06:41 PM  
[2025-05-21 20:06:41] local.DEBUG: 100

 ---- Request Data : POST /tara/vaaniSM/incoming_wpbf HTTP/1.1
Accept-Encoding: gzip,deflate
Connection:      Keep-Alive
Content-Length:  206
Content-Type:    text/plain; charset=UTF-8
Cookie:          vaaniSM_cookie=eyJpdiI6IkRySUd6eEpvdDMvaWMzSEJ0ZGxncmc9PSIsInZhbHVlIjoiWjBpZUx6aEJCTDdOdTR2aWRyZmxGdFhzNmVLenNlTCsrSzIrbjB1cFQ0OU9XYWU0YTJqZTYyNnBUYURrSDNKMkV0bXd3UHlFK1NZa3FCOUt3dWhVR20xODNtZ2pmRDNjSTVRNkh5cDBhb1ZJNXN4WEJUMUVMM05QSWY0NnJ1WEMiLCJtYWMiOiI4MTU4OTk4ODQ0ODAxYThkN2FjNzc4Yjc3M2Q4NDI1NGFmYTBiN2Q1MWMyMTU4MGEyYzI5MWYzM2M0ZWEyZTM3IiwidGFnIjoiIn0%3D
Host:            waba-web.edas.tech
User-Agent:      Apache-HttpClient/4.5.3 (Java/1.8.0_202)
Cookie: vaaniSM_cookie=HRsW3Em8e0rNGu3LVxazn3IOJvfTYwM173Mk0kS7

{"reaction":"{\"emoji\":\"😂\",\"message_id\":\"84eb1aed-e1e1-4f90-8947-cf4c5cc83b02\"}","waNumber":"917304609236","mobile":"919029634011","name":"T@\u20b9l","type":"reaction","timestamp":"1747838198000"}  
[2025-05-21 20:06:41] local.DEBUG: 101

 ---- Start request data--- : Array
(
)
  
[2025-05-21 20:06:41] local.DEBUG: 105

 ---- Start request data : Array
(
    [reaction] => {"emoji":"😂","message_id":"84eb1aed-e1e1-4f90-8947-cf4c5cc83b02"}
    [waNumber] => 917304609236
    [mobile] => 919029634011
    [name] => T@₹l
    [type] => reaction
    [timestamp] => 1747838198000
)
  
[2025-05-21 20:06:41] local.DEBUG: 161Step1 - Chat : 9  
[2025-05-21 20:06:41] local.DEBUG: 247 opID :   
[2025-05-21 20:06:41] local.DEBUG: 249Chat Details : Array
(
    [id] => 9
    [unique_id] => 6bc7cb8a0623477fa80c28d3e4ab5494
    [client_id] => 38
    [campaign_id] => 44
    [org_no] => 917304609236
    [cust_unique_id] => 919029634011
    [customer_name] => T@₹l
    [chat_log_path] => 
    [assigning_flag] => 2
    [req_assigning_at] => 2025-05-21 20:05:41
    [open_at] => 2025-05-21 20:06:20
    [assigned_to] => 98
    [assigned_at] => 2025-05-21 20:05:45
    [assigned_by] => 0
    [is_closed] => 1
    [closed_at] => 
    [closed_by] => 
    [dispo] => 
    [sub_dispo] => 
    [remark] => 
    [status] => 1
    [is_callback] => 1
    [callback_at] => 
    [lsto] => 
    [created_at] => 2025-05-21 20:05:13
    [created_by] => 0
    [updated_at] => 2025-05-21 20:06:20
    [updated_by] => 
    [vip_session] => 
)
  
